<?xml version="1.0" encoding="UTF-8"?>
<coverage generated="1760916525353" clover="3.2.0">
  <project timestamp="1760916525354" name="All files">
    <metrics statements="43" coveredstatements="43" conditionals="0" coveredconditionals="0" methods="5" coveredmethods="5" elements="48" coveredelements="48" complexity="0" loc="43" ncloc="43" packages="1" files="5" classes="5"/>
    <file name="abs.controller.js" path="C:\Users\ying ying\itproj\Provision-IT---IT-Project-Group-14\Back-end\src\controllers\abs.controller.js">
      <metrics statements="8" coveredstatements="8" conditionals="0" coveredconditionals="0" methods="1" coveredmethods="1"/>
      <line num="3" count="1" type="stmt"/>
      <line num="4" count="2" type="stmt"/>
      <line num="5" count="2" type="stmt"/>
      <line num="6" count="2" type="stmt"/>
      <line num="7" count="3" type="stmt"/>
      <line num="9" count="2" type="stmt"/>
      <line num="10" count="1" type="stmt"/>
      <line num="12" count="1" type="stmt"/>
    </file>
    <file name="asset.controllers.js" path="C:\Users\ying ying\itproj\Provision-IT---IT-Project-Group-14\Back-end\src\controllers\asset.controllers.js">
      <metrics statements="10" coveredstatements="10" conditionals="0" coveredconditionals="0" methods="1" coveredmethods="1"/>
      <line num="3" count="1" type="stmt"/>
      <line num="5" count="2" type="stmt"/>
      <line num="6" count="2" type="stmt"/>
      <line num="7" count="2" type="stmt"/>
      <line num="8" count="6" type="stmt"/>
      <line num="11" count="2" type="stmt"/>
      <line num="19" count="2" type="stmt"/>
      <line num="20" count="1" type="stmt"/>
      <line num="23" count="1" type="stmt"/>
      <line num="24" count="1" type="stmt"/>
    </file>
    <file name="best_four_metrics.controller.js" path="C:\Users\ying ying\itproj\Provision-IT---IT-Project-Group-14\Back-end\src\controllers\best_four_metrics.controller.js">
      <metrics statements="8" coveredstatements="8" conditionals="0" coveredconditionals="0" methods="1" coveredmethods="1"/>
      <line num="5" count="2" type="stmt"/>
      <line num="6" count="2" type="stmt"/>
      <line num="7" count="2" type="stmt"/>
      <line num="8" count="4" type="stmt"/>
      <line num="11" count="2" type="stmt"/>
      <line num="17" count="2" type="stmt"/>
      <line num="18" count="1" type="stmt"/>
      <line num="21" count="1" type="stmt"/>
    </file>
    <file name="cash_equivalences.controller.js" path="C:\Users\ying ying\itproj\Provision-IT---IT-Project-Group-14\Back-end\src\controllers\cash_equivalences.controller.js">
      <metrics statements="8" coveredstatements="8" conditionals="0" coveredconditionals="0" methods="1" coveredmethods="1"/>
      <line num="3" count="1" type="stmt"/>
      <line num="4" count="2" type="stmt"/>
      <line num="5" count="2" type="stmt"/>
      <line num="6" count="2" type="stmt"/>
      <line num="7" count="5" type="stmt"/>
      <line num="9" count="2" type="stmt"/>
      <line num="10" count="1" type="stmt"/>
      <line num="12" count="1" type="stmt"/>
    </file>
    <file name="company_data.controller.js" path="C:\Users\ying ying\itproj\Provision-IT---IT-Project-Group-14\Back-end\src\controllers\company_data.controller.js">
      <metrics statements="9" coveredstatements="9" conditionals="0" coveredconditionals="0" methods="1" coveredmethods="1"/>
      <line num="3" count="1" type="stmt"/>
      <line num="5" count="2" type="stmt"/>
      <line num="6" count="2" type="stmt"/>
      <line num="7" count="2" type="stmt"/>
      <line num="8" count="3" type="stmt"/>
      <line num="11" count="2" type="stmt"/>
      <line num="16" count="2" type="stmt"/>
      <line num="17" count="1" type="stmt"/>
      <line num="20" count="1" type="stmt"/>
    </file>
  </project>
</coverage>
