{"C:\\Users\\ying ying\\itproj\\Provision-IT---IT-Project-Group-14\\Back-end\\src\\controllers\\abs.controller.js": {"path":"C:\\Users\\ying ying\\itproj\\Provision-IT---IT-Project-Group-14\\Back-end\\src\\controllers\\abs.controller.js","statementMap":{"0":{"start":{"line":3,"column":25},"end":{"line":14,"column":1}},"1":{"start":{"line":4,"column":4},"end":{"line":13,"column":5}},"2":{"start":{"line":5,"column":32},"end":{"line":5,"column":34}},"3":{"start":{"line":6,"column":8},"end":{"line":8,"column":9}},"4":{"start":{"line":7,"column":12},"end":{"line":7,"column":63}},"5":{"start":{"line":9,"column":29},"end":{"line":9,"column":62}},"6":{"start":{"line":10,"column":8},"end":{"line":10,"column":30}},"7":{"start":{"line":12,"column":8},"end":{"line":12,"column":54}}},"fnMap":{"0":{"name":"(anonymous_0)","decl":{"start":{"line":3,"column":25},"end":{"line":3,"column":26}},"loc":{"start":{"line":3,"column":45},"end":{"line":14,"column":1}},"line":3}},"branchMap":{},"s":{"0":1,"1":2,"2":2,"3":2,"4":3,"5":2,"6":1,"7":1},"f":{"0":2},"b":{},"inputSourceMap":null,"_coverageSchema":"1a1c01bbd47fc00a2c39e90264f33305004495a9","hash":"87cc6225b6e6e9c57f55e77d1268ef228ccc4f10"}
,"C:\\Users\\ying ying\\itproj\\Provision-IT---IT-Project-Group-14\\Back-end\\src\\controllers\\asset.controllers.js": {"path":"C:\\Users\\ying ying\\itproj\\Provision-IT---IT-Project-Group-14\\Back-end\\src\\controllers\\asset.controllers.js","statementMap":{"0":{"start":{"line":3,"column":31},"end":{"line":26,"column":1}},"1":{"start":{"line":5,"column":2},"end":{"line":25,"column":3}},"2":{"start":{"line":6,"column":23},"end":{"line":6,"column":25}},"3":{"start":{"line":7,"column":4},"end":{"line":9,"column":5}},"4":{"start":{"line":8,"column":6},"end":{"line":8,"column":52}},"5":{"start":{"line":11,"column":20},"end":{"line":17,"column":5}},"6":{"start":{"line":19,"column":18},"end":{"line":19,"column":45}},"7":{"start":{"line":20,"column":4},"end":{"line":20,"column":27}},"8":{"start":{"line":23,"column":4},"end":{"line":23,"column":48}},"9":{"start":{"line":24,"column":4},"end":{"line":24,"column":55}}},"fnMap":{"0":{"name":"(anonymous_0)","decl":{"start":{"line":3,"column":31},"end":{"line":3,"column":32}},"loc":{"start":{"line":3,"column":50},"end":{"line":26,"column":1}},"line":3}},"branchMap":{},"s":{"0":1,"1":2,"2":2,"3":2,"4":6,"5":2,"6":2,"7":1,"8":1,"9":1},"f":{"0":2},"b":{},"inputSourceMap":null,"_coverageSchema":"1a1c01bbd47fc00a2c39e90264f33305004495a9","hash":"14cccaa48443d110e364a01e871ee1f33de81350"}
,"C:\\Users\\ying ying\\itproj\\Provision-IT---IT-Project-Group-14\\Back-end\\src\\controllers\\best_four_metrics.controller.js": {"path":"C:\\Users\\ying ying\\itproj\\Provision-IT---IT-Project-Group-14\\Back-end\\src\\controllers\\best_four_metrics.controller.js","statementMap":{"0":{"start":{"line":5,"column":4},"end":{"line":22,"column":5}},"1":{"start":{"line":6,"column":25},"end":{"line":6,"column":27}},"2":{"start":{"line":7,"column":6},"end":{"line":9,"column":7}},"3":{"start":{"line":8,"column":8},"end":{"line":8,"column":54}},"4":{"start":{"line":11,"column":22},"end":{"line":15,"column":7}},"5":{"start":{"line":17,"column":20},"end":{"line":17,"column":54}},"6":{"start":{"line":18,"column":6},"end":{"line":18,"column":28}},"7":{"start":{"line":21,"column":6},"end":{"line":21,"column":57}}},"fnMap":{"0":{"name":"bestMetricsController","decl":{"start":{"line":3,"column":22},"end":{"line":3,"column":43}},"loc":{"start":{"line":3,"column":54},"end":{"line":23,"column":1}},"line":3}},"branchMap":{},"s":{"0":2,"1":2,"2":2,"3":4,"4":2,"5":2,"6":1,"7":1},"f":{"0":2},"b":{},"inputSourceMap":null,"_coverageSchema":"1a1c01bbd47fc00a2c39e90264f33305004495a9","hash":"8f19b2ce3fd2053d4be0f232b09c4576239a0d3a"}
,"C:\\Users\\ying ying\\itproj\\Provision-IT---IT-Project-Group-14\\Back-end\\src\\controllers\\cash_equivalences.controller.js": {"path":"C:\\Users\\ying ying\\itproj\\Provision-IT---IT-Project-Group-14\\Back-end\\src\\controllers\\cash_equivalences.controller.js","statementMap":{"0":{"start":{"line":3,"column":39},"end":{"line":14,"column":1}},"1":{"start":{"line":4,"column":4},"end":{"line":13,"column":5}},"2":{"start":{"line":5,"column":32},"end":{"line":5,"column":34}},"3":{"start":{"line":6,"column":8},"end":{"line":8,"column":9}},"4":{"start":{"line":7,"column":12},"end":{"line":7,"column":63}},"5":{"start":{"line":9,"column":30},"end":{"line":9,"column":77}},"6":{"start":{"line":10,"column":8},"end":{"line":10,"column":31}},"7":{"start":{"line":12,"column":8},"end":{"line":12,"column":54}}},"fnMap":{"0":{"name":"(anonymous_0)","decl":{"start":{"line":3,"column":39},"end":{"line":3,"column":40}},"loc":{"start":{"line":3,"column":59},"end":{"line":14,"column":1}},"line":3}},"branchMap":{},"s":{"0":1,"1":2,"2":2,"3":2,"4":5,"5":2,"6":1,"7":1},"f":{"0":2},"b":{},"inputSourceMap":null,"_coverageSchema":"1a1c01bbd47fc00a2c39e90264f33305004495a9","hash":"f56a1872d8a4bf046e313a559e1b9c00367f0180"}
,"C:\\Users\\ying ying\\itproj\\Provision-IT---IT-Project-Group-14\\Back-end\\src\\controllers\\company_data.controller.js": {"path":"C:\\Users\\ying ying\\itproj\\Provision-IT---IT-Project-Group-14\\Back-end\\src\\controllers\\company_data.controller.js","statementMap":{"0":{"start":{"line":3,"column":30},"end":{"line":22,"column":1}},"1":{"start":{"line":5,"column":2},"end":{"line":21,"column":3}},"2":{"start":{"line":6,"column":23},"end":{"line":6,"column":25}},"3":{"start":{"line":7,"column":4},"end":{"line":9,"column":5}},"4":{"start":{"line":8,"column":6},"end":{"line":8,"column":52}},"5":{"start":{"line":11,"column":20},"end":{"line":14,"column":5}},"6":{"start":{"line":16,"column":18},"end":{"line":16,"column":51}},"7":{"start":{"line":17,"column":4},"end":{"line":17,"column":26}},"8":{"start":{"line":20,"column":4},"end":{"line":20,"column":55}}},"fnMap":{"0":{"name":"(anonymous_0)","decl":{"start":{"line":3,"column":30},"end":{"line":3,"column":31}},"loc":{"start":{"line":3,"column":49},"end":{"line":22,"column":1}},"line":3}},"branchMap":{},"s":{"0":1,"1":2,"2":2,"3":2,"4":3,"5":2,"6":2,"7":1,"8":1},"f":{"0":2},"b":{},"inputSourceMap":null,"_coverageSchema":"1a1c01bbd47fc00a2c39e90264f33305004495a9","hash":"245f8e63cecb2454957779d3920078f180071d2e"}
}
