TN:
SF:src\controllers\abs.controller.js
FN:3,(anonymous_0)
FNF:1
FNH:1
FNDA:2,(anonymous_0)
DA:3,2
DA:4,2
DA:5,2
DA:6,2
DA:7,3
DA:10,2
DA:11,1
DA:13,1
LF:8
LH:8
BRF:0
BRH:0
end_of_record
TN:
SF:src\controllers\asset.controller.js
FN:3,(anonymous_0)
FNF:1
FNH:1
FNDA:2,(anonymous_0)
DA:3,2
DA:4,2
DA:5,2
DA:6,2
DA:7,6
DA:10,2
DA:18,2
DA:19,1
DA:21,1
DA:22,1
LF:10
LH:10
BRF:0
BRH:0
end_of_record
TN:
SF:src\controllers\best_four_metrics.controller.js
FN:3,best_metrics_controller
FNF:1
FNH:1
FNDA:2,best_metrics_controller
DA:4,2
DA:5,2
DA:6,2
DA:7,4
DA:10,2
DA:16,2
DA:17,1
DA:19,1
LF:8
LH:8
BRF:0
BRH:0
end_of_record
TN:
SF:src\controllers\cash_equivalences.controller.js
FN:3,(anonymous_0)
FNF:1
FNH:1
FNDA:2,(anonymous_0)
DA:3,2
DA:4,2
DA:5,2
DA:6,2
DA:7,5
DA:9,2
DA:10,1
DA:12,1
LF:8
LH:8
BRF:0
BRH:0
end_of_record
TN:
SF:src\controllers\category.controller.js
FN:3,fetch_success_rates
FNF:1
FNH:1
FNDA:2,fetch_success_rates
DA:4,2
DA:5,2
DA:6,2
DA:7,3
DA:9,2
DA:10,1
DA:12,1
LF:7
LH:7
BRF:0
BRH:0
end_of_record
TN:
SF:src\controllers\company.controller.js
FN:3,(anonymous_0)
FNF:1
FNH:1
FNDA:2,(anonymous_0)
DA:3,2
DA:4,2
DA:5,2
DA:6,1
DA:8,1
LF:5
LH:5
BRF:0
BRH:0
end_of_record
TN:
SF:src\controllers\company_data.controller.js
FN:3,(anonymous_0)
FNF:1
FNH:1
FNDA:2,(anonymous_0)
DA:3,2
DA:4,2
DA:5,2
DA:6,2
DA:7,3
DA:10,2
DA:15,2
DA:16,1
DA:18,1
LF:9
LH:9
BRF:0
BRH:0
end_of_record
TN:
SF:src\controllers\covenants.controller.js
FN:3,(anonymous_0)
FNF:1
FNH:1
FNDA:2,(anonymous_0)
DA:3,2
DA:4,2
DA:5,2
DA:6,2
DA:7,4
DA:9,2
DA:10,1
DA:12,1
LF:8
LH:8
BRF:0
BRH:0
end_of_record
TN:
SF:src\controllers\equity.controller.js
FN:3,(anonymous_0)
FNF:1
FNH:1
FNDA:2,(anonymous_0)
DA:3,2
DA:4,2
DA:5,2
DA:6,2
DA:7,6
DA:10,2
DA:18,2
DA:19,1
DA:21,1
LF:9
LH:9
BRF:0
BRH:0
end_of_record
TN:
SF:src\controllers\financial_statements.controller.js
FN:3,(anonymous_0)
FNF:1
FNH:1
FNDA:2,(anonymous_0)
DA:3,2
DA:4,2
DA:5,2
DA:6,2
DA:7,5
DA:9,2
DA:10,1
DA:12,1
LF:8
LH:8
BRF:0
BRH:0
end_of_record
TN:
SF:src\controllers\forecast.controller.js
FN:3,(anonymous_0)
FNF:1
FNH:1
FNDA:2,(anonymous_0)
DA:3,2
DA:4,2
DA:5,2
DA:6,2
DA:7,4
DA:9,2
DA:10,1
DA:12,1
LF:8
LH:8
BRF:0
BRH:0
end_of_record
TN:
SF:src\controllers\income_statement.controller.js
FN:3,(anonymous_0)
FNF:1
FNH:1
FNDA:2,(anonymous_0)
DA:3,2
DA:4,2
DA:5,2
DA:6,2
DA:7,6
DA:10,2
DA:18,2
DA:19,1
DA:21,1
LF:9
LH:9
BRF:0
BRH:0
end_of_record
TN:
SF:src\controllers\industry.controller.js
FN:6,(anonymous_0)
FNF:1
FNH:1
FNDA:5,(anonymous_0)
DA:6,2
DA:7,5
DA:8,5
DA:9,5
DA:10,3
DA:13,5
DA:15,5
DA:16,3
DA:17,3
DA:18,1
DA:21,2
DA:22,2
DA:24,1
DA:27,2
DA:28,1
DA:30,1
LF:16
LH:16
BRDA:15,0,0,3
BRDA:15,0,1,2
BRDA:17,1,0,1
BRDA:17,1,1,2
BRDA:22,2,0,1
BRDA:22,2,1,1
BRF:6
BRH:6
end_of_record
TN:
SF:src\controllers\key_ratio.controller.js
FN:3,(anonymous_0)
FNF:1
FNH:1
FNDA:2,(anonymous_0)
DA:3,2
DA:4,2
DA:5,2
DA:6,2
DA:7,6
DA:10,2
DA:18,2
DA:19,1
DA:21,1
LF:9
LH:9
BRF:0
BRH:0
end_of_record
TN:
SF:src\controllers\liability.controller.js
FN:3,(anonymous_0)
FNF:1
FNH:1
FNDA:2,(anonymous_0)
DA:3,2
DA:4,2
DA:5,2
DA:6,2
DA:7,6
DA:10,2
DA:18,2
DA:19,1
DA:21,1
LF:9
LH:9
BRF:0
BRH:0
end_of_record
TN:
SF:src\controllers\statement_of_cashflows.controller.js
FN:3,(anonymous_0)
FNF:1
FNH:1
FNDA:2,(anonymous_0)
DA:3,2
DA:4,2
DA:5,2
DA:6,2
DA:7,6
DA:10,2
DA:18,2
DA:19,1
DA:21,1
LF:9
LH:9
BRF:0
BRH:0
end_of_record
TN:
SF:src\controllers\wcm.controller.js
FN:3,(anonymous_0)
FNF:1
FNH:1
FNDA:2,(anonymous_0)
DA:3,2
DA:4,2
DA:5,2
DA:6,2
DA:7,5
DA:9,2
DA:10,1
DA:12,1
LF:8
LH:8
BRF:0
BRH:0
end_of_record
TN:
SF:src\models\abs_benchmarkings.js
FNF:0
FNH:0
DA:3,1
LF:1
LH:1
BRF:0
BRH:0
end_of_record
TN:
SF:src\models\abs_values.js
FNF:0
FNH:0
DA:3,1
LF:1
LH:1
BRF:0
BRH:0
end_of_record
TN:
SF:src\models\asset.model.js
FNF:0
FNH:0
DA:3,1
LF:1
LH:1
BRF:0
BRH:0
end_of_record
TN:
SF:src\models\asset_value.model.js
FNF:0
FNH:0
DA:3,1
LF:1
LH:1
BRF:0
BRH:0
end_of_record
TN:
SF:src\models\best_four_metrics.model.js
FNF:0
FNH:0
DA:3,1
LF:1
LH:1
BRF:0
BRH:0
end_of_record
TN:
SF:src\models\cash_equivalences.js
FNF:0
FNH:0
DA:3,1
LF:1
LH:1
BRF:0
BRH:0
end_of_record
TN:
SF:src\models\cash_values.js
FNF:0
FNH:0
DA:3,1
LF:1
LH:1
BRF:0
BRH:0
end_of_record
TN:
SF:src\models\company.model.js
FNF:0
FNH:0
DA:3,1
LF:1
LH:1
BRF:0
BRH:0
end_of_record
TN:
SF:src\models\company_data.model.js
FNF:0
FNH:0
DA:3,1
LF:1
LH:1
BRF:0
BRH:0
end_of_record
TN:
SF:src\models\covenants.js
FNF:0
FNH:0
DA:3,1
LF:1
LH:1
BRF:0
BRH:0
end_of_record
TN:
SF:src\models\covenants_values.js
FNF:0
FNH:0
DA:3,1
LF:1
LH:1
BRF:0
BRH:0
end_of_record
TN:
SF:src\models\equity.model.js
FNF:0
FNH:0
DA:3,1
LF:1
LH:1
BRF:0
BRH:0
end_of_record
TN:
SF:src\models\equity_values.model.js
FNF:0
FNH:0
DA:3,1
LF:1
LH:1
BRF:0
BRH:0
end_of_record
TN:
SF:src\models\financial_statements.js
FNF:0
FNH:0
DA:3,1
LF:1
LH:1
BRF:0
BRH:0
end_of_record
TN:
SF:src\models\financial_statements_values.js
FNF:0
FNH:0
DA:3,1
LF:1
LH:1
BRF:0
BRH:0
end_of_record
TN:
SF:src\models\forecast.js
FNF:0
FNH:0
DA:3,1
LF:1
LH:1
BRF:0
BRH:0
end_of_record
TN:
SF:src\models\forecast_forecasts.js
FNF:0
FNH:0
DA:3,1
LF:1
LH:1
BRF:0
BRH:0
end_of_record
TN:
SF:src\models\forecast_values.js
FNF:0
FNH:0
DA:3,1
LF:1
LH:1
BRF:0
BRH:0
end_of_record
TN:
SF:src\models\income_statement.model.js
FNF:0
FNH:0
DA:3,1
LF:1
LH:1
BRF:0
BRH:0
end_of_record
TN:
SF:src\models\income_statement_values.model.js
FNF:0
FNH:0
DA:3,1
LF:1
LH:1
BRF:0
BRH:0
end_of_record
TN:
SF:src\models\industry.model.js
FNF:0
FNH:0
DA:3,1
LF:1
LH:1
BRF:0
BRH:0
end_of_record
TN:
SF:src\models\key_ratio.model.js
FNF:0
FNH:0
DA:3,1
LF:1
LH:1
BRF:0
BRH:0
end_of_record
TN:
SF:src\models\key_ratios_values.model.js
FNF:0
FNH:0
DA:3,1
LF:1
LH:1
BRF:0
BRH:0
end_of_record
TN:
SF:src\models\liability.model.js
FNF:0
FNH:0
DA:3,1
LF:1
LH:1
BRF:0
BRH:0
end_of_record
TN:
SF:src\models\liability_value.model.js
FNF:0
FNH:0
DA:3,1
LF:1
LH:1
BRF:0
BRH:0
end_of_record
TN:
SF:src\models\statement_of_cashflows.model.js
FNF:0
FNH:0
DA:3,1
LF:1
LH:1
BRF:0
BRH:0
end_of_record
TN:
SF:src\models\statement_of_cashflows_values.models.js
FNF:0
FNH:0
DA:3,1
LF:1
LH:1
BRF:0
BRH:0
end_of_record
TN:
SF:src\models\timelines.js
FNF:0
FNH:0
DA:3,1
LF:1
LH:1
BRF:0
BRH:0
end_of_record
TN:
SF:src\models\wcm_forecasts.model.js
FNF:0
FNH:0
DA:3,1
LF:1
LH:1
BRF:0
BRH:0
end_of_record
TN:
SF:src\models\wcm_values.model.js
FNF:0
FNH:0
DA:3,1
LF:1
LH:1
BRF:0
BRH:0
end_of_record
TN:
SF:src\models\working_capital_movements.model.js
FNF:0
FNH:0
DA:3,1
LF:1
LH:1
BRF:0
BRH:0
end_of_record
TN:
SF:src\routes\abs_benchmarkings.routes.js
FNF:0
FNH:0
DA:4,2
DA:6,2
LF:2
LH:2
BRF:0
BRH:0
end_of_record
TN:
SF:src\routes\asset.routes.js
FNF:0
FNH:0
DA:4,2
DA:6,2
LF:2
LH:2
BRF:0
BRH:0
end_of_record
TN:
SF:src\routes\best_four_metrics.routes.js
FNF:0
FNH:0
DA:4,2
DA:6,2
LF:2
LH:2
BRF:0
BRH:0
end_of_record
TN:
SF:src\routes\cash_equivalences.routes.js
FNF:0
FNH:0
DA:4,2
DA:6,2
LF:2
LH:2
BRF:0
BRH:0
end_of_record
TN:
SF:src\routes\category.routes.js
FNF:0
FNH:0
DA:4,2
DA:6,2
LF:2
LH:2
BRF:0
BRH:0
end_of_record
TN:
SF:src\routes\company.routes.js
FNF:0
FNH:0
DA:4,2
DA:7,2
LF:2
LH:2
BRF:0
BRH:0
end_of_record
TN:
SF:src\routes\company_data.routes.js
FNF:0
FNH:0
DA:4,2
DA:6,2
LF:2
LH:2
BRF:0
BRH:0
end_of_record
TN:
SF:src\routes\covenants.routes.js
FNF:0
FNH:0
DA:4,2
DA:6,2
LF:2
LH:2
BRF:0
BRH:0
end_of_record
TN:
SF:src\routes\equity.routes.js
FNF:0
FNH:0
DA:4,2
DA:6,2
LF:2
LH:2
BRF:0
BRH:0
end_of_record
TN:
SF:src\routes\financial_statements.routes.js
FNF:0
FNH:0
DA:4,2
DA:6,2
LF:2
LH:2
BRF:0
BRH:0
end_of_record
TN:
SF:src\routes\forecasts.routes.js
FNF:0
FNH:0
DA:4,2
DA:6,2
LF:2
LH:2
BRF:0
BRH:0
end_of_record
TN:
SF:src\routes\income_statement.routes.js
FNF:0
FNH:0
DA:4,2
DA:6,2
LF:2
LH:2
BRF:0
BRH:0
end_of_record
TN:
SF:src\routes\industry.routes.js
FNF:0
FNH:0
DA:4,2
DA:6,2
LF:2
LH:2
BRF:0
BRH:0
end_of_record
TN:
SF:src\routes\key_ratio.routes.js
FNF:0
FNH:0
DA:4,2
DA:6,2
LF:2
LH:2
BRF:0
BRH:0
end_of_record
TN:
SF:src\routes\liability.routes.js
FNF:0
FNH:0
DA:4,2
DA:6,2
LF:2
LH:2
BRF:0
BRH:0
end_of_record
TN:
SF:src\routes\statement_of_cashflows.routes.js
FNF:0
FNH:0
DA:4,2
DA:6,2
LF:2
LH:2
BRF:0
BRH:0
end_of_record
TN:
SF:src\routes\working_capital_movements.routes.js
FNF:0
FNH:0
DA:4,2
DA:6,2
LF:2
LH:2
BRF:0
BRH:0
end_of_record
TN:
SF:src\services\abs.service.js
FN:4,filter_abs
FN:16,(anonymous_1)
FN:18,(anonymous_2)
FNF:3
FNH:3
FNDA:2,filter_abs
FNDA:2,(anonymous_1)
FNDA:1,(anonymous_2)
DA:5,2
DA:7,2
DA:8,2
DA:9,2
DA:10,2
DA:12,2
DA:14,2
DA:15,2
DA:16,2
DA:18,2
DA:19,1
DA:20,1
DA:33,2
LF:13
LH:13
BRDA:4,0,0,0
BRDA:7,1,0,2
BRDA:7,1,1,0
BRDA:8,2,0,1
BRDA:8,2,1,1
BRDA:9,3,0,1
BRDA:9,3,1,1
BRDA:10,4,0,2
BRDA:10,4,1,0
BRF:9
BRH:6
end_of_record
TN:
SF:src\services\asset.service.js
FN:6,(anonymous_0)
FN:17,(anonymous_1)
FN:26,asset_service
FN:36,(anonymous_3)
FN:59,(anonymous_4)
FN:60,(anonymous_5)
FN:62,(anonymous_6)
FN:65,(anonymous_7)
FNF:8
FNH:8
FNDA:2,(anonymous_0)
FNDA:2,(anonymous_1)
FNDA:3,asset_service
FNDA:3,(anonymous_3)
FNDA:2,(anonymous_4)
FNDA:2,(anonymous_5)
FNDA:2,(anonymous_6)
FNDA:2,(anonymous_7)
DA:6,2
DA:7,2
DA:8,2
DA:12,0
DA:14,2
DA:17,2
DA:27,3
DA:28,3
DA:29,3
DA:30,1
DA:31,3
DA:33,3
DA:34,3
DA:36,3
DA:37,2
DA:39,2
DA:40,0
DA:43,0
DA:46,2
DA:47,0
DA:50,0
DA:53,2
DA:57,2
DA:59,2
DA:60,2
DA:62,2
DA:63,1
DA:65,1
DA:66,2
DA:67,2
LF:30
LH:25
BRDA:7,0,0,0
BRDA:7,0,1,2
BRDA:8,1,0,0
BRDA:8,1,1,2
BRDA:9,2,0,2
BRDA:9,2,1,0
BRDA:9,2,2,0
BRDA:26,3,0,0
BRDA:28,4,0,0
BRDA:28,4,1,3
BRDA:29,5,0,1
BRDA:29,5,1,2
BRDA:31,6,0,0
BRDA:31,6,1,3
BRDA:34,7,0,1
BRDA:34,7,1,2
BRDA:39,8,0,0
BRDA:39,8,1,2
BRDA:39,9,0,2
BRDA:39,9,1,0
BRDA:46,10,0,0
BRDA:46,10,1,2
BRDA:46,11,0,2
BRDA:46,11,1,0
BRDA:57,12,0,1
BRDA:57,12,1,1
BRF:26
BRH:15
end_of_record
TN:
SF:src\services\best_four_metrics.service.js
FN:7,best_four_metrics_service
FN:17,(anonymous_1)
FN:43,(anonymous_2)
FNF:3
FNH:3
FNDA:4,best_four_metrics_service
FNDA:3,(anonymous_1)
FNDA:3,(anonymous_2)
DA:8,4
DA:9,4
DA:10,4
DA:11,4
DA:13,4
DA:14,4
DA:16,3
DA:18,3
DA:23,3
DA:24,1
DA:35,2
DA:36,2
DA:43,3
DA:51,3
LF:14
LH:14
BRDA:7,0,0,0
BRDA:9,1,0,4
BRDA:9,1,1,0
BRDA:10,2,0,2
BRDA:10,2,1,2
BRDA:11,3,0,1
BRDA:11,3,1,3
BRDA:14,4,0,1
BRDA:14,4,1,3
BRDA:14,5,0,4
BRDA:14,5,1,4
BRDA:20,6,0,3
BRDA:20,6,1,1
BRDA:23,7,0,1
BRDA:23,7,1,2
BRDA:23,8,0,3
BRDA:23,8,1,3
BRF:17
BRH:15
end_of_record
TN:
SF:src\services\cash_equivalences.service.js
FN:5,filter_cash_equivalences
FN:16,(anonymous_1)
FN:18,(anonymous_2)
FN:21,(anonymous_3)
FNF:4
FNH:4
FNDA:2,filter_cash_equivalences
FNDA:2,(anonymous_1)
FNDA:1,(anonymous_2)
FNDA:1,(anonymous_3)
DA:6,2
DA:8,2
DA:9,2
DA:10,2
DA:12,2
DA:14,2
DA:15,2
DA:16,2
DA:18,2
DA:19,2
DA:21,2
DA:22,1
DA:23,1
LF:13
LH:13
BRDA:5,0,0,0
BRDA:8,1,0,2
BRDA:8,1,1,0
BRDA:9,2,0,2
BRDA:9,2,1,0
BRDA:10,3,0,1
BRDA:10,3,1,1
BRDA:29,4,0,0
BRDA:29,4,1,1
BRF:9
BRH:5
end_of_record
TN:
SF:src\services\category.service.js
FN:4,derive_success_rates
FN:42,(anonymous_1)
FN:43,(anonymous_2)
FN:48,(anonymous_3)
FNF:4
FNH:4
FNDA:3,derive_success_rates
FNDA:4,(anonymous_1)
FNDA:2,(anonymous_2)
FNDA:4,(anonymous_3)
DA:5,3
DA:6,3
DA:9,2
DA:10,2
DA:12,2
DA:14,3
DA:15,3
DA:17,3
DA:18,2
DA:20,3
DA:21,3
DA:22,2
DA:27,2
DA:28,2
DA:30,2
DA:31,4
DA:32,4
DA:33,2
DA:35,4
DA:38,2
DA:40,2
DA:41,2
DA:42,4
DA:43,2
DA:45,2
DA:47,2
DA:48,4
DA:50,2
DA:51,2
DA:52,2
DA:54,2
DA:55,2
DA:57,2
DA:58,2
DA:62,2
DA:64,2
DA:65,2
DA:66,2
DA:67,2
DA:69,2
DA:77,2
LF:41
LH:41
BRDA:4,0,0,0
BRDA:6,1,0,1
BRDA:6,1,1,2
BRDA:15,2,0,0
BRDA:15,2,1,3
BRDA:17,3,0,2
BRDA:17,3,1,1
BRDA:21,4,0,2
BRDA:21,4,1,1
BRDA:32,5,0,2
BRDA:32,5,1,2
BRDA:45,6,0,0
BRDA:45,6,1,2
BRDA:52,7,0,0
BRDA:52,7,1,2
BRDA:54,8,0,2
BRDA:54,8,1,0
BRDA:58,9,0,2
BRDA:58,9,1,0
BRDA:66,10,0,2
BRDA:66,10,1,0
BRDA:67,11,0,2
BRDA:67,11,1,0
BRDA:72,12,0,2
BRDA:72,12,1,0
BRDA:73,13,0,2
BRDA:73,13,1,0
BRF:27
BRH:17
end_of_record
TN:
SF:src\services\company.service.js
FN:4,list_companies_service
FN:7,(anonymous_1)
FNF:2
FNH:2
FNDA:3,list_companies_service
FNDA:3,(anonymous_1)
DA:5,3
DA:7,3
LF:2
LH:2
BRF:0
BRH:0
end_of_record
TN:
SF:src\services\company_data.service.js
FN:3,(anonymous_0)
FN:22,company_data_service
FNF:2
FNH:2
FNDA:2,(anonymous_0)
FNDA:3,company_data_service
DA:3,2
DA:23,3
DA:24,3
DA:25,3
DA:27,3
DA:28,3
DA:30,2
LF:7
LH:7
BRDA:22,0,0,0
BRDA:24,1,0,2
BRDA:24,1,1,1
BRDA:25,2,0,2
BRDA:25,2,1,1
BRDA:28,3,0,1
BRDA:28,3,1,2
BRF:7
BRH:6
end_of_record
TN:
SF:src\services\covenants.service.js
FN:4,filter_covenants
FN:15,(anonymous_1)
FN:17,(anonymous_2)
FNF:3
FNH:3
FNDA:3,filter_covenants
FNDA:4,(anonymous_1)
FNDA:4,(anonymous_2)
DA:5,3
DA:7,3
DA:8,3
DA:9,3
DA:11,3
DA:13,3
DA:14,3
DA:15,4
DA:17,3
DA:18,4
DA:19,4
LF:11
LH:11
BRDA:4,0,0,0
BRDA:7,1,0,2
BRDA:7,1,1,1
BRDA:8,2,0,3
BRDA:8,2,1,0
BRDA:9,3,0,3
BRDA:9,3,1,0
BRF:7
BRH:4
end_of_record
TN:
SF:src\services\equity.service.js
FN:6,(anonymous_0)
FN:17,(anonymous_1)
FN:26,equity_service
FN:36,(anonymous_3)
FN:59,(anonymous_4)
FN:60,(anonymous_5)
FN:62,(anonymous_6)
FN:65,(anonymous_7)
FNF:8
FNH:8
FNDA:2,(anonymous_0)
FNDA:2,(anonymous_1)
FNDA:4,equity_service
FNDA:3,(anonymous_3)
FNDA:2,(anonymous_4)
FNDA:2,(anonymous_5)
FNDA:2,(anonymous_6)
FNDA:2,(anonymous_7)
DA:6,2
DA:7,2
DA:8,2
DA:12,1
DA:14,1
DA:17,2
DA:27,4
DA:28,4
DA:29,4
DA:30,4
DA:32,4
DA:33,4
DA:36,3
DA:37,3
DA:40,3
DA:41,1
DA:44,1
DA:48,3
DA:49,1
DA:52,1
DA:55,3
DA:56,3
DA:59,2
DA:60,2
DA:62,2
DA:63,2
DA:65,2
DA:66,2
DA:67,2
LF:29
LH:29
BRDA:7,0,0,0
BRDA:7,0,1,2
BRDA:8,1,0,1
BRDA:8,1,1,1
BRDA:9,2,0,2
BRDA:9,2,1,1
BRDA:9,2,2,0
BRDA:26,3,0,0
BRDA:28,4,0,4
BRDA:28,4,1,0
BRDA:29,5,0,3
BRDA:29,5,1,1
BRDA:30,6,0,2
BRDA:30,6,1,2
BRDA:33,7,0,1
BRDA:33,7,1,3
BRDA:40,8,0,1
BRDA:40,8,1,2
BRDA:40,9,0,3
BRDA:40,9,1,1
BRDA:48,10,0,1
BRDA:48,10,1,2
BRDA:48,11,0,3
BRDA:48,11,1,1
BRDA:56,12,0,1
BRDA:56,12,1,2
BRF:26
BRH:22
end_of_record
TN:
SF:src\services\financial_statements.service.js
FN:5,filter_statements
FN:16,(anonymous_1)
FN:19,(anonymous_2)
FN:22,(anonymous_3)
FNF:4
FNH:4
FNDA:3,filter_statements
FNDA:3,(anonymous_1)
FNDA:2,(anonymous_2)
FNDA:2,(anonymous_3)
DA:6,3
DA:8,3
DA:9,3
DA:10,3
DA:12,3
DA:14,3
DA:15,3
DA:16,3
DA:19,3
DA:20,3
DA:22,3
DA:23,2
DA:24,2
LF:13
LH:13
BRDA:5,0,0,0
BRDA:8,1,0,2
BRDA:8,1,1,1
BRDA:9,2,0,2
BRDA:9,2,1,1
BRDA:10,3,0,1
BRDA:10,3,1,2
BRDA:30,4,0,1
BRDA:30,4,1,1
BRF:9
BRH:8
end_of_record
TN:
SF:src\services\forecast.service.js
FN:6,filter_forecasts
FN:15,(anonymous_1)
FN:19,(anonymous_2)
FN:26,(anonymous_3)
FN:31,(anonymous_4)
FN:34,(anonymous_5)
FNF:6
FNH:6
FNDA:4,filter_forecasts
FNDA:4,(anonymous_1)
FNDA:4,(anonymous_2)
FNDA:4,(anonymous_3)
FNDA:4,(anonymous_4)
FNDA:4,(anonymous_5)
DA:7,4
DA:9,4
DA:10,4
DA:11,4
DA:13,4
DA:14,4
DA:15,4
DA:17,4
DA:19,4
DA:24,4
DA:25,4
DA:26,4
DA:27,4
DA:28,4
DA:31,4
DA:32,4
DA:34,4
DA:35,4
DA:36,4
DA:37,4
DA:38,4
LF:21
LH:21
BRDA:6,0,0,0
BRDA:9,1,0,1
BRDA:9,1,1,3
BRDA:10,2,0,1
BRDA:10,2,1,3
BRDA:11,3,0,1
BRDA:11,3,1,3
BRDA:44,4,0,4
BRDA:44,4,1,4
BRF:9
BRH:8
end_of_record
TN:
SF:src\services\income_statement.service.js
FN:6,(anonymous_0)
FN:17,(anonymous_1)
FN:26,income_service
FN:35,(anonymous_3)
FN:55,(anonymous_4)
FN:56,(anonymous_5)
FN:58,(anonymous_6)
FN:61,(anonymous_7)
FNF:8
FNH:8
FNDA:1,(anonymous_0)
FNDA:1,(anonymous_1)
FNDA:3,income_service
FNDA:2,(anonymous_3)
FNDA:1,(anonymous_4)
FNDA:1,(anonymous_5)
FNDA:1,(anonymous_6)
FNDA:1,(anonymous_7)
DA:6,2
DA:7,1
DA:8,1
DA:12,1
DA:14,0
DA:17,2
DA:27,3
DA:28,3
DA:29,3
DA:30,3
DA:32,3
DA:33,3
DA:35,2
DA:36,2
DA:38,2
DA:39,1
DA:42,1
DA:45,2
DA:46,1
DA:49,1
DA:52,2
DA:53,2
DA:55,1
DA:56,1
DA:58,1
DA:59,1
DA:61,1
DA:62,1
DA:63,1
LF:29
LH:28
BRDA:7,0,0,0
BRDA:7,0,1,1
BRDA:8,1,0,1
BRDA:8,1,1,0
BRDA:9,2,0,1
BRDA:9,2,1,1
BRDA:9,2,2,0
BRDA:26,3,0,0
BRDA:28,4,0,3
BRDA:28,4,1,0
BRDA:29,5,0,1
BRDA:29,5,1,2
BRDA:30,6,0,0
BRDA:30,6,1,3
BRDA:33,7,0,1
BRDA:33,7,1,2
BRDA:38,8,0,1
BRDA:38,8,1,1
BRDA:38,9,0,2
BRDA:38,9,1,1
BRDA:45,10,0,1
BRDA:45,10,1,1
BRDA:45,11,0,2
BRDA:45,11,1,1
BRDA:53,12,0,1
BRDA:53,12,1,1
BRF:26
BRH:20
end_of_record
TN:
SF:src\services\industry.service.js
FN:3,(anonymous_0)
FN:8,get_industry_by_id_service
FN:13,list_industries_service
FNF:3
FNH:3
FNDA:3,(anonymous_0)
FNDA:2,get_industry_by_id_service
FNDA:1,list_industries_service
DA:3,3
DA:9,2
DA:10,2
DA:14,1
DA:15,1
LF:5
LH:5
BRDA:10,0,0,1
BRDA:10,0,1,1
BRF:2
BRH:2
end_of_record
TN:
SF:src\services\key_ratio.service.js
FN:5,(anonymous_0)
FN:15,ratio_service
FN:25,(anonymous_2)
FN:51,(anonymous_3)
FN:52,(anonymous_4)
FN:54,(anonymous_5)
FN:57,(anonymous_6)
FNF:7
FNH:7
FNDA:5,(anonymous_0)
FNDA:5,ratio_service
FNDA:5,(anonymous_2)
FNDA:5,(anonymous_3)
FNDA:5,(anonymous_4)
FNDA:5,(anonymous_5)
FNDA:5,(anonymous_6)
DA:5,5
DA:16,5
DA:17,5
DA:18,5
DA:19,5
DA:21,5
DA:22,5
DA:25,5
DA:26,4
DA:29,4
DA:30,1
DA:33,1
DA:37,4
DA:38,1
DA:41,1
DA:45,4
DA:49,4
DA:51,5
DA:52,5
DA:54,5
DA:55,4
DA:57,4
DA:58,5
DA:59,5
LF:24
LH:24
BRDA:15,0,0,0
BRDA:17,1,0,1
BRDA:17,1,1,4
BRDA:18,2,0,1
BRDA:18,2,1,4
BRDA:19,3,0,0
BRDA:19,3,1,5
BRDA:22,4,0,1
BRDA:22,4,1,4
BRDA:29,5,0,1
BRDA:29,5,1,3
BRDA:29,6,0,4
BRDA:29,6,1,1
BRDA:37,7,0,1
BRDA:37,7,1,3
BRDA:37,8,0,4
BRDA:37,8,1,1
BRDA:49,9,0,0
BRDA:49,9,1,4
BRF:19
BRH:16
end_of_record
TN:
SF:src\services\liability.service.js
FN:6,(anonymous_0)
FN:17,(anonymous_1)
FN:26,liability_service
FN:35,(anonymous_3)
FN:58,(anonymous_4)
FN:59,(anonymous_5)
FN:61,(anonymous_6)
FN:64,(anonymous_7)
FNF:8
FNH:8
FNDA:4,(anonymous_0)
FNDA:4,(anonymous_1)
FNDA:5,liability_service
FNDA:5,(anonymous_3)
FNDA:4,(anonymous_4)
FNDA:4,(anonymous_5)
FNDA:4,(anonymous_6)
FNDA:4,(anonymous_7)
DA:6,2
DA:7,4
DA:8,4
DA:12,1
DA:14,3
DA:17,4
DA:27,5
DA:28,5
DA:29,5
DA:30,5
DA:32,5
DA:33,5
DA:35,5
DA:36,4
DA:38,4
DA:39,1
DA:42,1
DA:45,4
DA:46,1
DA:49,1
DA:52,4
DA:56,4
DA:58,4
DA:59,4
DA:61,4
DA:62,3
DA:64,3
DA:65,4
DA:66,4
LF:29
LH:29
BRDA:7,0,0,0
BRDA:7,0,1,4
BRDA:8,1,0,1
BRDA:8,1,1,3
BRDA:9,2,0,4
BRDA:9,2,1,1
BRDA:9,2,2,0
BRDA:26,3,0,0
BRDA:28,4,0,2
BRDA:28,4,1,3
BRDA:29,5,0,0
BRDA:29,5,1,5
BRDA:30,6,0,1
BRDA:30,6,1,4
BRDA:33,7,0,1
BRDA:33,7,1,4
BRDA:38,8,0,1
BRDA:38,8,1,3
BRDA:38,9,0,4
BRDA:38,9,1,1
BRDA:45,10,0,1
BRDA:45,10,1,3
BRDA:45,11,0,4
BRDA:45,11,1,1
BRDA:56,12,0,1
BRDA:56,12,1,3
BRF:26
BRH:22
end_of_record
TN:
SF:src\services\statement_of_cashflows.service.js
FN:6,(anonymous_0)
FN:17,(anonymous_1)
FN:26,soc_service
FN:36,(anonymous_3)
FN:59,(anonymous_4)
FN:60,(anonymous_5)
FN:62,(anonymous_6)
FN:65,(anonymous_7)
FNF:8
FNH:8
FNDA:1,(anonymous_0)
FNDA:1,(anonymous_1)
FNDA:3,soc_service
FNDA:2,(anonymous_3)
FNDA:1,(anonymous_4)
FNDA:1,(anonymous_5)
FNDA:1,(anonymous_6)
FNDA:1,(anonymous_7)
DA:6,2
DA:7,1
DA:8,1
DA:12,0
DA:14,1
DA:17,2
DA:27,3
DA:28,3
DA:29,3
DA:30,3
DA:32,3
DA:33,3
DA:36,2
DA:37,2
DA:40,2
DA:41,1
DA:44,1
DA:48,2
DA:49,1
DA:52,1
DA:55,2
DA:56,2
DA:59,1
DA:60,1
DA:62,1
DA:63,1
DA:65,1
DA:66,1
DA:67,1
LF:29
LH:28
BRDA:7,0,0,0
BRDA:7,0,1,1
BRDA:8,1,0,0
BRDA:8,1,1,1
BRDA:9,2,0,1
BRDA:9,2,1,0
BRDA:9,2,2,0
BRDA:26,3,0,0
BRDA:28,4,0,3
BRDA:28,4,1,0
BRDA:29,5,0,2
BRDA:29,5,1,1
BRDA:30,6,0,1
BRDA:30,6,1,2
BRDA:33,7,0,1
BRDA:33,7,1,2
BRDA:40,8,0,1
BRDA:40,8,1,1
BRDA:40,9,0,2
BRDA:40,9,1,1
BRDA:48,10,0,1
BRDA:48,10,1,1
BRDA:48,11,0,2
BRDA:48,11,1,1
BRDA:56,12,0,1
BRDA:56,12,1,1
BRF:26
BRH:20
end_of_record
TN:
SF:src\services\timeline.service.js
FN:3,get_period
FN:15,(anonymous_1)
FNF:2
FNH:2
FNDA:5,get_period
FNDA:3,(anonymous_1)
DA:6,5
DA:7,2
DA:11,3
DA:14,3
DA:15,3
DA:16,3
DA:19,3
LF:7
LH:7
BRDA:3,0,0,1
BRDA:6,1,0,2
BRDA:6,1,1,3
BRDA:6,2,0,5
BRDA:6,2,1,4
BRF:5
BRH:5
end_of_record
TN:
SF:src\services\wcm.service.js
FN:6,filter_wcm
FN:15,(anonymous_1)
FN:18,(anonymous_2)
FN:25,(anonymous_3)
FN:31,(anonymous_4)
FN:34,(anonymous_5)
FNF:6
FNH:6
FNDA:5,filter_wcm
FNDA:5,(anonymous_1)
FNDA:5,(anonymous_2)
FNDA:4,(anonymous_3)
FNDA:4,(anonymous_4)
FNDA:5,(anonymous_5)
DA:7,5
DA:9,5
DA:10,5
DA:11,5
DA:13,5
DA:14,5
DA:15,5
DA:17,5
DA:18,5
DA:23,5
DA:24,5
DA:25,5
DA:26,4
DA:27,4
DA:31,5
DA:32,5
DA:34,5
DA:35,5
DA:36,5
DA:37,5
DA:38,5
LF:21
LH:21
BRDA:6,0,0,0
BRDA:9,1,0,1
BRDA:9,1,1,4
BRDA:10,2,0,1
BRDA:10,2,1,4
BRDA:11,3,0,1
BRDA:11,3,1,4
BRF:7
BRH:6
end_of_record
